app/build/outputs/mapping/ossRelease/configuration.txt
# The proguard configuration file for the following section is Android Gradle plugin 9.2.1 (extracted file: /Users/liuhu/github/connectbot/app/build/intermediates/default_proguard_files/global/proguard-android-optimize.txt-9.2.1)
# This is a configuration file for ProGuard.
# http://proguard.sourceforge.net/index.html#manual/usage.html
#
# Starting with version 2.2 of the Android plugin for Gradle, this file is distributed together with
# the plugin and unpacked at build-time. The files in $ANDROID_HOME are no longer maintained and
# will be ignored by new version of the Android plugin for Gradle.

# Optimizations: If you don't want to optimize, use the proguard-android.txt configuration file
# instead of this one, which turns off the optimization flags.
-allowaccessmodification

# Preserve some attributes that may be required for reflection.
-keepattributes AnnotationDefault,
                EnclosingMethod,
                InnerClasses,
                RuntimeVisibleAnnotations,
                RuntimeVisibleParameterAnnotations,
                RuntimeVisibleTypeAnnotations,
                Signature

-keep public class com.google.vending.licensing.ILicensingService
-keep public class com.android.vending.licensing.ILicensingService
-keep public class com.google.android.vending.licensing.ILicensingService
-dontnote com.android.vending.licensing.ILicensingService
-dontnote com.google.vending.licensing.ILicensingService
-dontnote com.google.android.vending.licensing.ILicensingService

# For native methods, see https://www.guardsquare.com/manual/configuration/examples#native
-keepclasseswithmembernames,includedescriptorclasses class * {
    native <methods>;
}

# Keep setters in Views so that animations can still work.
-keepclassmembers public class * extends android.view.View {
    void set*(***);
    *** get*();
}

# We want to keep methods in Activity that could be used in the XML attribute onClick.
-keepclassmembers class * extends android.app.Activity {
    public void *(android.view.View);
}

# For enumeration classes, see https://www.guardsquare.com/manual/configuration/examples#enumerations
-keepclassmembers enum * {
    public static **[] values();
    public static ** valueOf(java.lang.String);
}

-keepclassmembers class * implements android.os.Parcelable {
    public static final ** CREATOR;
}

# Preserve annotated Javascript interface methods.
-keepclassmembers class * {
    @android.webkit.JavascriptInterface <methods>;
}

# The support libraries contains references to newer platform versions.
# Don't warn about those in case this app is linking against an older
# platform version. We know about them, and they are safe.
-dontnote android.support.**
-dontnote androidx.**
-dontwarn android.support.**
-dontwarn androidx.**

# Understand the @Keep support annotation.
-keep class android.support.annotation.Keep

-keep @android.support.annotation.Keep class * {*;}

-keepclasseswithmembers class * {
    @android.support.annotation.Keep <methods>;
}

-keepclasseswithmembers class * {
    @android.support.annotation.Keep <fields>;
}

-keepclasseswithmembers class * {
    @android.support.annotation.Keep <init>(...);
}

# These classes are duplicated between android.jar and org.apache.http.legacy.jar.
-dontnote org.apache.http.**
-dontnote android.net.http.**

# These classes are duplicated between android.jar and core-lambda-stubs.jar.
-dontnote java.lang.invoke.**

# End of content from Android Gradle plugin 9.2.1 (extracted file: /Users/liuhu/github/connectbot/app/build/intermediates/default_proguard_files/global/proguard-android-optimize.txt-9.2.1)
# The proguard configuration file for the following section is connectbot/app/proguard.cfg
#-keepattributes SourceFile,LineNumberTable
#-optimizationpasses 5
-dontobfuscate

# App classes
-keep class org.connectbot.**
-keepclassmembers class org.connectbot.R$* {
	public static <fields>;
}
-keepattributes InnerClasses
-keep public class com.trilead.ssh2.compression.**
-keep public class com.trilead.ssh2.crypto.**

# All the classes are referenced indirectly.
-keep class org.conscrypt.** { *; }

# Backward compatibility code in Conscrypt
-dontnote libcore.io.Libcore
-dontnote org.apache.harmony.xnet.provider.jsse.OpenSSLRSAPrivateKey
-dontnote org.apache.harmony.security.utils.AlgNameMapper
-dontnote sun.security.x509.AlgorithmId

-dontwarn dalvik.system.BlockGuard
-dontwarn dalvik.system.BlockGuard$Policy
-dontwarn dalvik.system.CloseGuard
-dontwarn com.android.org.conscrypt.OpenSSLSocketImpl
-dontwarn com.android.org.conscrypt.SSLParametersImpl
-dontwarn org.apache.harmony.xnet.provider.jsse.OpenSSLSocketImpl
-dontwarn org.apache.harmony.xnet.provider.jsse.SSLParametersImpl
-dontwarn javax.annotation.Nullable

# End of content from connectbot/app/proguard.cfg
# The proguard configuration file for the following section is org.connectbot:termlib:0.0.39 (extracted file: /Users/liuhu/.gradle/caches/9.5.1/transforms/a3773b0dbbec06ee286c6145692abef5/transformed/termlib-0.0.39/proguard.txt)
# Consumer proguard rules for ConnectBot Terminal library

# Keep all public API
-keep public class org.connectbot.terminal.** {
    public *;
}

# Keep native methods
-keepclasseswithmembernames class * {
    native <methods>;
}

# End of content from org.connectbot:termlib:0.0.39 (extracted file: /Users/liuhu/.gradle/caches/9.5.1/transforms/a3773b0dbbec06ee286c6145692abef5/transformed/termlib-0.0.39/proguard.txt)
# The proguard configuration file for the following section is androidx.media3:media3-common:1.10.1 (extracted file: /Users/liuhu/.gradle/caches/9.5.1/transforms/fb316770999c0996220c0a343e25c034/transformed/media3-common-1.10.1/proguard.txt)
# Proguard rules specific to the common module.

# Don't warn about checkerframework and Kotlin annotations
-dontwarn org.checkerframework.**
-dontwarn kotlin.annotations.jvm.**
-dontwarn javax.annotation.**

# From https://github.com/google/guava/wiki/UsingProGuardWithGuava
-dontwarn java.lang.ClassValue
-dontwarn java.lang.SafeVarargs
-dontwarn javax.lang.model.element.Modifier
-dontwarn sun.misc.Unsafe

# Don't warn about Guava's compile-only dependencies.
# These lines are needed for ProGuard but not R8.
-dontwarn com.google.errorprone.annotations.**
-dontwarn com.google.j2objc.annotations.**
-dontwarn org.codehaus.mojo.animal_sniffer.IgnoreJRERequirement

# Workaround for https://issuetracker.google.com/issues/112297269
# This is needed for ProGuard but not R8.
-keepclassmembernames class com.google.common.base.Function { *; }

# End of content from androidx.media3:media3-common:1.10.1 (extracted file: /Users/liuhu/.gradle/caches/9.5.1/transforms/fb316770999c0996220c0a343e25c034/transformed/media3-common-1.10.1/proguard.txt)
# The proguard configuration file for the following section is androidx.preference:preference:1.2.1 (extracted file: /Users/liuhu/.gradle/caches/9.5.1/transforms/fd33e64f3d24e5dfa154ed31d6b90681/transformed/preference-1.2.1/proguard.txt)
# Copyright (C) 2015 The Android Open Source Project
#
# Licensed under the Apache License, Version 2.0 (the "License");
# you may not use this file except in compliance with the License.
# You may obtain a copy of the License at
#
#      http://www.apache.org/licenses/LICENSE-2.0
#
# Unless required by applicable law or agreed to in writing, software
# distributed under the License is distributed on an "AS IS" BASIS,
# WITHOUT WARRANTIES OR CONDITIONS OF ANY KIND, either express or implied.
# See the License for the specific language governing permissions and
# limitations under the License.

# Preference objects are inflated via reflection
-keep public class androidx.preference.Preference {
    public <init>(android.content.Context, android.util.AttributeSet);
}
-keep public class * extends androidx.preference.Preference {
    public <init>(android.content.Context, android.util.AttributeSet);
}

# End of content from androidx.preference:preference:1.2.1 (extracted file: /Users/liuhu/.gradle/caches/9.5.1/transforms/fd33e64f3d24e5dfa154ed31d6b90681/transformed/preference-1.2.1/proguard.txt)
# The proguard configuration file for the following section is com.google.android.material:material:1.14.0 (extracted file: /Users/liuhu/.gradle/caches/9.5.1/transforms/d9d09cc0c3d38f708cf0f849d3905e7c/transformed/material-1.14.0/proguard.txt)
# Copyright (C) 2015 The Android Open Source Project
#
# Licensed under the Apache License, Version 2.0 (the "License");
# you may not use this file except in compliance with the License.
# You may obtain a copy of the License at
#
#      http://www.apache.org/licenses/LICENSE-2.0
#
# Unless required by applicable law or agreed to in writing, software
# distributed under the License is distributed on an "AS IS" BASIS,
# WITHOUT WARRANTIES OR CONDITIONS OF ANY KIND, either express or implied.
# See the License for the specific language governing permissions and
# limitations under the License.

# CoordinatorLayout resolves the behaviors of its child components with reflection.
-keep public class * extends androidx.coordinatorlayout.widget.CoordinatorLayout$Behavior {
    public <init>(android.content.Context, android.util.AttributeSet);
    public <init>();
}

# Make sure we keep annotations for CoordinatorLayout's DefaultBehavior
-keepattributes RuntimeVisible*Annotation*

# Copyright (C) 2018 The Android Open Source Project
#
# Licensed under the Apache License, Version 2.0 (the "License");
# you may not use this file except in compliance with the License.
# You may obtain a copy of the License at
#
#      http://www.apache.org/licenses/LICENSE-2.0
#
# Unless required by applicable law or agreed to in writing, software
# distributed under the License is distributed on an "AS IS" BASIS,
# WITHOUT WARRANTIES OR CONDITIONS OF ANY KIND, either express or implied.
# See the License for the specific language governing permissions and
# limitations under the License.

# AppCompatViewInflater reads the viewInflaterClass theme attribute which then
# reflectively instantiates MaterialComponentsViewInflater using the no-argument
# constructor. We only need to keep this constructor and the class name if
# AppCompatViewInflater is also being kept.
-if class androidx.appcompat.app.AppCompatViewInflater
-keep class com.google.android.material.theme.MaterialComponentsViewInflater {
    <init>();
}

-keep class com.google.android.material.focus.FocusRingDrawable {
    <init>();
}

# End of content from com.google.android.material:material:1.14.0 (extracted file: /Users/liuhu/.gradle/caches/9.5.1/transforms/d9d09cc0c3d38f708cf0f849d3905e7c/transformed/material-1.14.0/proguard.txt)
# The proguard configuration file for the following section is androidx.biometric:biometric:1.4.0-alpha02 (extracted file: /Users/liuhu/.gradle/caches/9.5.1/transforms/569748e0629a6102c1a6410c09dbece9/transformed/biometric-1.4.0-alpha02/proguard.txt)
# Copyright (C) 2020 The Android Open Source Project
#
# Licensed under the Apache License, Version 2.0 (the "License");
# you may not use this file except in compliance with the License.
# You may obtain a copy of the License at
#
#      http://www.apache.org/licenses/LICENSE-2.0
#
# Unless required by applicable law or agreed to in writing, software
# distributed under the License is distributed on an "AS IS" BASIS,
# WITHOUT WARRANTIES OR CONDITIONS OF ANY KIND, either express or implied.
# See the License for the specific language governing permissions and
# limitations under the License.

# Never inline methods, but allow shrinking and obfuscation.
-keepclassmembernames,allowobfuscation,allowshrinking
        class androidx.biometric.AuthenticationCallbackProvider$Api* {
    <methods>;
}
-keepclassmembernames,allowobfuscation,allowshrinking
        class androidx.biometric.BiometricFragment$Api* {
    <methods>;
}
-keepclassmembernames,allowobfuscation,allowshrinking
        class androidx.biometric.BiometricManager$Api* {
    <methods>;
}
-keepclassmembernames,allowobfuscation,allowshrinking
        class androidx.biometric.CancellationSignalProvider$Api* {
    <methods>;
}
-keepclassmembernames,allowobfuscation,allowshrinking
        class androidx.biometric.CryptoObjectUtils$Api* {
    <methods>;
}
-keepclassmembernames,allowobfuscation,allowshrinking
        class androidx.biometric.FingerprintDialogFragment$Api* {
    <methods>;
}
-keepclassmembernames,allowobfuscation,allowshrinking
        class androidx.biometric.KeyguardUtils$Api* {
    <methods>;
}
-keepclassmembernames,allowobfuscation,allowshrinking
        class androidx.biometric.PackageUtils$Api* {
    <methods>;
}

# End of content from androidx.biometric:biometric:1.4.0-alpha02 (extracted file: /Users/liuhu/.gradle/caches/9.5.1/transforms/569748e0629a6102c1a6410c09dbece9/transformed/biometric-1.4.0-alpha02/proguard.txt)
# The proguard configuration file for the following section is androidx.appcompat:appcompat:1.7.1 (extracted file: /Users/liuhu/.gradle/caches/9.5.1/transforms/bc44e9dd89c248e08312bbaf95f7df44/transformed/appcompat-1.7.1/proguard.txt)
# Copyright (C) 2018 The Android Open Source Project
#
# Licensed under the Apache License, Version 2.0 (the "License");
# you may not use this file except in compliance with the License.
# You may obtain a copy of the License at
#
#      http://www.apache.org/licenses/LICENSE-2.0
#
# Unless required by applicable law or agreed to in writing, software
# distributed under the License is distributed on an "AS IS" BASIS,
# WITHOUT WARRANTIES OR CONDITIONS OF ANY KIND, either express or implied.
# See the License for the specific language governing permissions and
# limitations under the License.

# Never inline methods, but allow shrinking and obfuscation.
-keepclassmembernames,allowobfuscation,allowshrinking class androidx.appcompat.widget.AppCompatTextViewAutoSizeHelper$Impl* {
  <methods>;
}

# End of content from androidx.appcompat:appcompat:1.7.1 (extracted file: /Users/liuhu/.gradle/caches/9.5.1/transforms/bc44e9dd89c248e08312bbaf95f7df44/transformed/appcompat-1.7.1/proguard.txt)
# The proguard configuration file for the following section is com.jakewharton.timber:timber:5.0.1 (extracted file: /Users/liuhu/.gradle/caches/9.5.1/transforms/a5deb69accf14b206afda811c466467f/transformed/timber-5.0.1/proguard.txt)
-dontwarn org.jetbrains.annotations.**

# End of content from com.jakewharton.timber:timber:5.0.1 (extracted file: /Users/liuhu/.gradle/caches/9.5.1/transforms/a5deb69accf14b206afda811c466467f/transformed/timber-5.0.1/proguard.txt)
# The proguard configuration file for the following section is androidx.hilt:hilt-navigation-compose:1.3.0 (extracted file: /Users/liuhu/.gradle/caches/9.5.1/transforms/d33fd0390c39ac292b3176a1eae6ec3e/transformed/hilt-navigation-compose-1.3.0/proguard.txt)
# Intentionally empty proguard rules to indicate this library is safe to shrink

# End of content from androidx.hilt:hilt-navigation-compose:1.3.0 (extracted file: /Users/liuhu/.gradle/caches/9.5.1/transforms/d33fd0390c39ac292b3176a1eae6ec3e/transformed/hilt-navigation-compose-1.3.0/proguard.txt)
# The proguard configuration file for the following section is androidx.navigation:navigation-runtime-android:2.9.8 (extracted file: /Users/liuhu/.gradle/caches/9.5.1/transforms/8406efc8d992746956b842e14440bd4e/transformed/navigation-runtime-release/proguard.txt)
# Intentionally empty proguard rules to indicate this library is safe to shrink

# End of content from androidx.navigation:navigation-runtime-android:2.9.8 (extracted file: /Users/liuhu/.gradle/caches/9.5.1/transforms/8406efc8d992746956b842e14440bd4e/transformed/navigation-runtime-release/proguard.txt)
# The proguard configuration file for the following section is androidx.navigation:navigation-common-android:2.9.8 (extracted file: /Users/liuhu/.gradle/caches/9.5.1/transforms/653cc3a3a4d9e7eae0748d984ae508d9/transformed/navigation-common-release/proguard.txt)
# Copyright (C) 2019 The Android Open Source Project
#
# Licensed under the Apache License, Version 2.0 (the "License");
# you may not use this file except in compliance with the License.
# You may obtain a copy of the License at
#
#      http://www.apache.org/licenses/LICENSE-2.0
#
# Unless required by applicable law or agreed to in writing, software
# distributed under the License is distributed on an "AS IS" BASIS,
# WITHOUT WARRANTIES OR CONDITIONS OF ANY KIND, either express or implied.
# See the License for the specific language governing permissions and
# limitations under the License.

# NavArgsLazy creates NavArgs instances using reflection
-if public class ** implements androidx.navigation.NavArgs
-keepclassmembers public class <1> {
    ** fromBundle(android.os.Bundle);
}

# Retain the @Navigator.Name annotation on each subclass of Navigator.
# R8 full mode only retains annotations on items matched by a -keep rule,
# hence the extra -keep rule for the subclasses of Navigator.
#
# A -keep rule for the Navigator.Name annotation class is not required
# since the annotation is referenced from the code.
-keepattributes RuntimeVisibleAnnotations
-keep,allowobfuscation,allowshrinking class * extends androidx.navigation.Navigator

# End of content from androidx.navigation:navigation-common-android:2.9.8 (extracted file: /Users/liuhu/.gradle/caches/9.5.1/transforms/653cc3a3a4d9e7eae0748d984ae508d9/transformed/navigation-common-release/proguard.txt)
# The proguard configuration file for the following section is androidx.navigation:navigation-compose-android:2.9.8 (extracted file: /Users/liuhu/.gradle/caches/9.5.1/transforms/623b4e9d4100e659fb1e4550a068fe5f/transformed/navigation-compose-release/proguard.txt)
# Intentionally empty proguard rules to indicate this library is safe to shrink

# End of content from androidx.navigation:navigation-compose-android:2.9.8 (extracted file: /Users/liuhu/.gradle/caches/9.5.1/transforms/623b4e9d4100e659fb1e4550a068fe5f/transformed/navigation-compose-release/proguard.txt)
# The proguard configuration file for the following section is androidx.hilt:hilt-lifecycle-viewmodel-compose:1.3.0 (extracted file: /Users/liuhu/.gradle/caches/9.5.1/transforms/0487f372bce8534365ace706b5d77e00/transformed/hilt-lifecycle-viewmodel-compose-1.3.0/proguard.txt)
# Intentionally empty proguard rules to indicate this library is safe to shrink

# End of content from androidx.hilt:hilt-lifecycle-viewmodel-compose:1.3.0 (extracted file: /Users/liuhu/.gradle/caches/9.5.1/transforms/0487f372bce8534365ace706b5d77e00/transformed/hilt-lifecycle-viewmodel-compose-1.3.0/proguard.txt)
# The proguard configuration file for the following section is androidx.hilt:hilt-lifecycle-viewmodel:1.3.0 (extracted file: /Users/liuhu/.gradle/caches/9.5.1/transforms/a2932b06ca7186dcb47e9ffa63dba1aa/transformed/hilt-lifecycle-viewmodel-1.3.0/proguard.txt)
# Intentionally empty proguard rules to indicate this library is safe to shrink

# End of content from androidx.hilt:hilt-lifecycle-viewmodel:1.3.0 (extracted file: /Users/liuhu/.gradle/caches/9.5.1/transforms/a2932b06ca7186dcb47e9ffa63dba1aa/transformed/hilt-lifecycle-viewmodel-1.3.0/proguard.txt)
# The proguard configuration file for the following section is com.google.dagger:hilt-android:2.59.2 (extracted file: /Users/liuhu/.gradle/caches/9.5.1/transforms/950695f91413667f28d1bba471ec082a/transformed/hilt-android-2.59.2/proguard.txt)
# Keep for the reflective cast done in EntryPoints.
# See b/183070411#comment4 for more info.
-keep,allowobfuscation,allowshrinking @dagger.hilt.EntryPoint class *# Keep for the reflective cast done in EntryPoints.
# See b/183070411#comment4 for more info.
-keep,allowobfuscation,allowshrinking @dagger.hilt.internal.ComponentEntryPoint class *
-keep,allowobfuscation,allowshrinking @dagger.hilt.internal.GeneratedEntryPoint class *
-keep,allowobfuscation,allowshrinking @dagger.hilt.android.EarlyEntryPoint class *