app/build/outputs/mapping/ossRelease/seeds.txt
org.conscrypt.AbstractSessionContext: int maximumSize
androidx.lifecycle.Lifecycle$Event: androidx.lifecycle.Lifecycle$Event ON_RESUME
org.conscrypt.SSLUtils: int MAX_PROTOCOL_LENGTH
org.conscrypt.OpenSSLBIOSink: java.io.ByteArrayOutputStream buffer
kotlinx.coroutines.channels.BufferedChannel: java.lang.Object _closeCause$volatile
org.conscrypt.ct.CTConstants: int ISSUER_KEY_HASH_LENGTH
org.connectbot.R$string: int pubkey_touch_prompt
org.connectbot.R$string: int console_url_not_supported
org.conscrypt.OpenSSLCipher: int blockSize
androidx.lifecycle.ReportFragment$LifecycleCallbacks: androidx.lifecycle.ReportFragment$LifecycleCallbacks$Companion Companion
org.connectbot.R$string: int logs_bug_report_info
org.conscrypt.OpenSSLRSAPrivateCrtKey: java.math.BigInteger publicExponent
androidx.lifecycle.Lifecycle$Event: androidx.lifecycle.Lifecycle$Event ON_DESTROY
org.conscrypt.OpenSSLServerSocketFactoryImpl: boolean useEngineSocketByDefault
org.connectbot.terminal.VTermKey: int UP
org.conscrypt.CertificatePriorityComparator: java.lang.Integer PRIORITY_SHA512
org.conscrypt.NativeConstants: int SSL_ERROR_NONE
org.connectbot.R$string: int image_description_connected
org.connectbot.R$string: int file_browser_transfers
org.conscrypt.SessionSnapshot: java.lang.String cipherSuite
org.connectbot.R$string: int logs_title
org.connectbot.R$string: int pref_stickymodifiers_title
org.connectbot.R$drawable: int ic_launcher_background
kotlinx.coroutines.EventLoopImplBase: java.lang.Object _queue$volatile
org.connectbot.R$string: int label_scheme_name
org.connectbot.R$string: int title_settings
org.conscrypt.TrustManagerImpl$ExtendedKeyUsagePKIXCertPathChecker: boolean clientAuth
org.connectbot.R$string: int hostpref_compression_summary
org.connectbot.R$string: int icon_style_server
org.connectbot.R$string: int pubkey_import_existing
org.conscrypt.ConscryptEngine: java.nio.ByteBuffer[] singleDstBuffer
org.connectbot.R$string: int pref_theme_light
org.conscrypt.OpenSSLSignature$RSAPSSPadding: int saltSizeBytes
org.conscrypt.PeerInfoProvider: org.conscrypt.PeerInfoProvider NULL_PEER_INFO_PROVIDER
org.conscrypt.TrustedCertificateIndex: java.util.Map subjectToTrustAnchors
org.conscrypt.ConscryptServerSocket: boolean channelIdEnabled
org.connectbot.R$string: int terminal_jump_connected
org.conscrypt.OpenSSLECGroupContext: org.conscrypt.NativeRef$EC_GROUP groupCtx
org.connectbot.terminal.CellRun: int $stable
org.conscrypt.ConscryptEngine: javax.net.ssl.SSLEngineResult NEED_WRAP_CLOSED
org.connectbot.R$string: int color_lime
kotlinx.coroutines.JobSupport$Finishing: java.lang.Object _rootCause$volatile
org.conscrypt.TrustManagerImpl: java.util.logging.Logger logger
org.connectbot.terminal.TerminalNative: int $stable
org.connectbot.terminal.ScreenCell: int $stable
org.conscrypt.SSLUtils: boolean USE_ENGINE_SOCKET_BY_DEFAULT
org.connectbot.R$string: int pref_localfont_title
org.connectbot.R$drawable: int ic_shortcut_cloud
org.conscrypt.ConscryptEngine: java.nio.ByteBuffer[] singleSrcBuffer
org.conscrypt.ConscryptEngineSocket: org.conscrypt.ConscryptEngineSocket$SSLInputStream in
org.conscrypt.SSLNullSession: long lastAccessedTime
org.conscrypt.OpenSSLECKeyPairGenerator: java.lang.String ALGORITHM
org.connectbot.R$string: int open_settings
org.conscrypt.TrustManagerImpl: boolean ctEnabledOverride
org.conscrypt.NativeCrypto: java.lang.String[] DEFAULT_X509_CIPHER_SUITES
org.conscrypt.ConscryptEngineSocket$SSLOutputStream: org.conscrypt.ConscryptEngineSocket this$0
org.connectbot.R$string: int pref_conn_persist_summary
org.connectbot.R$string: int colorscheme_monokai_description
org.connectbot.R$string: int button_key_f9
org.conscrypt.ConscryptEngineSocket$SSLOutputStream: int targetArrayOffset
org.conscrypt.DuckTypedPSKKeyManager: java.lang.Object mDelegate
org.connectbot.R$string: int file_browser_navigate_up
org.conscrypt.OpenSSLAeadCipher: byte[] buf
org.conscrypt.CertificatePriorityComparator: java.lang.Integer PRIORITY_SHA1